Build started 3/5/2012 5:18:10 PM.
     1>Project "C:\Users\Michael\Documents\Visual Studio 2010\Projects\TicTacToeFinal\TicTacToeFinal\TicTacToeFinal.vcxproj" on node 2 (build target(s)).
     1>InitializeBuildStatus:
         Creating "Debug\TicTacToeFinal.unsuccessfulbuild" because "AlwaysCreate" was specified.
       ClCompile:
         All outputs are up-to-date.
         c:\Program Files (x86)\Microsoft Visual Studio 10.0\VC\bin\CL.exe /c /ZI /nologo /W3 /WX- /Od /Oy- /D WIN32 /D _DEBUG /D _CONSOLE /D _MBCS /Gm /EHsc /RTC1 /MDd /GS /fp:precise /Zc:wchar_t /Zc:forScope /Yu"StdAfx.h" /Fp"Debug\TicTacToeFinal.pch" /Fo"Debug\\" /Fd"Debug\vc100.pdb" /Gd /TP /analyze- /errorReport:prompt GAME.cpp
         GAME.cpp
     1>c:\users\michael\documents\visual studio 2010\projects\tictactoefinal\tictactoefinal\game.cpp(18): warning C4244: '=' : conversion from 'clock_t' to 'float', possible loss of data
     1>c:\users\michael\documents\visual studio 2010\projects\tictactoefinal\tictactoefinal\game.cpp(58): warning C4996: 'strcpy': This function or variable may be unsafe. Consider using strcpy_s instead. To disable deprecation, use _CRT_SECURE_NO_WARNINGS. See online help for details.
                 c:\program files (x86)\microsoft visual studio 10.0\vc\include\string.h(105) : see declaration of 'strcpy'
     1>c:\users\michael\documents\visual studio 2010\projects\tictactoefinal\tictactoefinal\game.cpp(95): warning C4244: 'initializing' : conversion from 'clock_t' to 'float', possible loss of data
     1>c:\users\michael\documents\visual studio 2010\projects\tictactoefinal\tictactoefinal\game.cpp(124): warning C4244: '=' : conversion from 'clock_t' to 'float', possible loss of data
     1>c:\users\michael\documents\visual studio 2010\projects\tictactoefinal\tictactoefinal\game.cpp(163): warning C4996: 'strcpy': This function or variable may be unsafe. Consider using strcpy_s instead. To disable deprecation, use _CRT_SECURE_NO_WARNINGS. See online help for details.
                 c:\program files (x86)\microsoft visual studio 10.0\vc\include\string.h(105) : see declaration of 'strcpy'
     1>c:\users\michael\documents\visual studio 2010\projects\tictactoefinal\tictactoefinal\game.cpp(176): warning C4996: 'strcpy': This function or variable may be unsafe. Consider using strcpy_s instead. To disable deprecation, use _CRT_SECURE_NO_WARNINGS. See online help for details.
                 c:\program files (x86)\microsoft visual studio 10.0\vc\include\string.h(105) : see declaration of 'strcpy'
       ManifestResourceCompile:
         All outputs are up-to-date.
       Link:
         c:\Program Files (x86)\Microsoft Visual Studio 10.0\VC\bin\link.exe /ERRORREPORT:PROMPT /OUT:"C:\Users\Michael\Documents\Visual Studio 2010\Projects\TicTacToeFinal\Debug\TicTacToeFinal.exe" /INCREMENTAL /NOLOGO kernel32.lib user32.lib gdi32.lib winspool.lib comdlg32.lib advapi32.lib shell32.lib ole32.lib oleaut32.lib uuid.lib odbc32.lib odbccp32.lib /MANIFEST /ManifestFile:"Debug\TicTacToeFinal.exe.intermediate.manifest" /MANIFESTUAC:"level='asInvoker' uiAccess='false'" /DEBUG /PDB:"C:\Users\Michael\Documents\Visual Studio 2010\Projects\TicTacToeFinal\Debug\TicTacToeFinal.pdb" /SUBSYSTEM:CONSOLE /TLBID:1 /DYNAMICBASE /NXCOMPAT /IMPLIB:"C:\Users\Michael\Documents\Visual Studio 2010\Projects\TicTacToeFinal\Debug\TicTacToeFinal.lib" /MACHINE:X86 Debug\TicTacToeFinal.exe.embed.manifest.res
         Debug\GAME.obj
         Debug\GraphicManager.obj
         Debug\keyboard.obj
         Debug\stdafx.obj
         Debug\TicTacToeFinal.obj
         Debug\Utilidades.obj
       Manifest:
         C:\Program Files (x86)\Microsoft SDKs\Windows\v7.0A\bin\mt.exe /nologo /verbose /out:"Debug\TicTacToeFinal.exe.embed.manifest" /manifest Debug\TicTacToeFinal.exe.intermediate.manifest
         All outputs are up-to-date.
       LinkEmbedManifest:
         All outputs are up-to-date.
         TicTacToeFinal.vcxproj -> C:\Users\Michael\Documents\Visual Studio 2010\Projects\TicTacToeFinal\Debug\TicTacToeFinal.exe
       FinalizeBuildStatus:
         Deleting file "Debug\TicTacToeFinal.unsuccessfulbuild".
         Touching "Debug\TicTacToeFinal.lastbuildstate".
     1>Done Building Project "C:\Users\Michael\Documents\Visual Studio 2010\Projects\TicTacToeFinal\TicTacToeFinal\TicTacToeFinal.vcxproj" (build target(s)).

Build succeeded.

Time Elapsed 00:00:01.22
