Build started 4/15/2012 11:46:05 PM.
     1>Project "C:\Users\Michael\Documents\Visual Studio 2010\Projects\TorreDefensa2\TorreDefensa2\TorreDefensa2.vcxproj" on node 2 (build target(s)).
     1>InitializeBuildStatus:
         Creating "Debug\TorreDefensa2.unsuccessfulbuild" because "AlwaysCreate" was specified.
       ClCompile:
         c:\Program Files (x86)\Microsoft Visual Studio 10.0\VC\bin\CL.exe /c /ZI /nologo /W3 /WX- /Od /Oy- /D _MBCS /Gm /EHsc /RTC1 /MDd /GS /fp:precise /Zc:wchar_t /Zc:forScope /Fo"Debug\\" /Fd"Debug\vc100.pdb" /Gd /TP /analyze- /errorReport:prompt Game.cpp
         Game.cpp
     1>c:\users\michael\documents\visual studio 2010\projects\torredefensa2\torredefensa2\game.cpp(62): warning C4996: 'sprintf': This function or variable may be unsafe. Consider using sprintf_s instead. To disable deprecation, use _CRT_SECURE_NO_WARNINGS. See online help for details.
                 c:\program files (x86)\microsoft visual studio 10.0\vc\include\stdio.h(371) : see declaration of 'sprintf'
     1>c:\users\michael\documents\visual studio 2010\projects\torredefensa2\torredefensa2\game.cpp(69): warning C4996: 'sprintf': This function or variable may be unsafe. Consider using sprintf_s instead. To disable deprecation, use _CRT_SECURE_NO_WARNINGS. See online help for details.
                 c:\program files (x86)\microsoft visual studio 10.0\vc\include\stdio.h(371) : see declaration of 'sprintf'
     1>c:\users\michael\documents\visual studio 2010\projects\torredefensa2\torredefensa2\game.cpp(80): warning C4996: 'sprintf': This function or variable may be unsafe. Consider using sprintf_s instead. To disable deprecation, use _CRT_SECURE_NO_WARNINGS. See online help for details.
                 c:\program files (x86)\microsoft visual studio 10.0\vc\include\stdio.h(371) : see declaration of 'sprintf'
     1>c:\users\michael\documents\visual studio 2010\projects\torredefensa2\torredefensa2\game.cpp(90): warning C4996: 'sprintf': This function or variable may be unsafe. Consider using sprintf_s instead. To disable deprecation, use _CRT_SECURE_NO_WARNINGS. See online help for details.
                 c:\program files (x86)\microsoft visual studio 10.0\vc\include\stdio.h(371) : see declaration of 'sprintf'
     1>c:\users\michael\documents\visual studio 2010\projects\torredefensa2\torredefensa2\game.cpp(106): warning C4715: 'InicializarJuego' : not all control paths return a value
       Link:
         c:\Program Files (x86)\Microsoft Visual Studio 10.0\VC\bin\link.exe /ERRORREPORT:PROMPT /OUT:"C:\Users\Michael\Documents\Visual Studio 2010\Projects\TorreDefensa2\Debug\TorreDefensa2.exe" /NOLOGO alld.lib kernel32.lib user32.lib gdi32.lib winspool.lib comdlg32.lib advapi32.lib shell32.lib ole32.lib oleaut32.lib uuid.lib odbc32.lib odbccp32.lib /MANIFEST /ManifestFile:"Debug\TorreDefensa2.exe.intermediate.manifest" /MANIFESTUAC:"level='asInvoker' uiAccess='false'" /DEBUG /PDB:"C:\Users\Michael\Documents\Visual Studio 2010\Projects\TorreDefensa2\Debug\TorreDefensa2.pdb" /TLBID:1 /DYNAMICBASE /NXCOMPAT /IMPLIB:"C:\Users\Michael\Documents\Visual Studio 2010\Projects\TorreDefensa2\Debug\TorreDefensa2.lib" /MACHINE:X86 Debug\Game.obj
         Debug\Lista.obj
         Debug\main.obj
         Debug\tinystr.obj
         Debug\tinyxml.obj
         Debug\tinyxmlerror.obj
         Debug\tinyxmlparser.obj
         LINK : C:\Users\Michael\Documents\Visual Studio 2010\Projects\TorreDefensa2\Debug\TorreDefensa2.exe not found or not built by the last incremental link; performing full link
         TorreDefensa2.vcxproj -> C:\Users\Michael\Documents\Visual Studio 2010\Projects\TorreDefensa2\Debug\TorreDefensa2.exe
       Manifest:
         C:\Program Files (x86)\Microsoft SDKs\Windows\v7.0A\bin\mt.exe /nologo /verbose /outputresource:"C:\Users\Michael\Documents\Visual Studio 2010\Projects\TorreDefensa2\Debug\TorreDefensa2.exe;#1" /manifest Debug\TorreDefensa2.exe.intermediate.manifest
       FinalizeBuildStatus:
         Deleting file "Debug\TorreDefensa2.unsuccessfulbuild".
         Touching "Debug\TorreDefensa2.lastbuildstate".
     1>Done Building Project "C:\Users\Michael\Documents\Visual Studio 2010\Projects\TorreDefensa2\TorreDefensa2\TorreDefensa2.vcxproj" (build target(s)).

Build succeeded.

Time Elapsed 00:00:06.07
