Build started 3/5/2012 6:15:53 PM.
     1>Project "C:\Users\Michael\Documents\Visual Studio 2010\Projects\PuntoYCaja\PuntoYCaja\PuntoYCaja.vcxproj" on node 2 (build target(s)).
     1>InitializeBuildStatus:
         Creating "Debug\PuntoYCaja.unsuccessfulbuild" because "AlwaysCreate" was specified.
       ClCompile:
         All outputs are up-to-date.
         c:\Program Files (x86)\Microsoft Visual Studio 10.0\VC\bin\CL.exe /c /ZI /nologo /W3 /WX- /Od /Oy- /D WIN32 /D _DEBUG /D _CONSOLE /D _MBCS /Gm /EHsc /RTC1 /MDd /GS /fp:precise /Zc:wchar_t /Zc:forScope /Yu"StdAfx.h" /Fp"Debug\PuntoYCaja.pch" /Fo"Debug\\" /Fd"Debug\vc100.pdb" /Gd /TP /analyze- /errorReport:prompt Game.cpp
         Game.cpp
       ManifestResourceCompile:
         All outputs are up-to-date.
       Link:
         c:\Program Files (x86)\Microsoft Visual Studio 10.0\VC\bin\link.exe /ERRORREPORT:PROMPT /OUT:"C:\Users\Michael\Documents\Visual Studio 2010\Projects\PuntoYCaja\Debug\PuntoYCaja.exe" /INCREMENTAL /NOLOGO kernel32.lib user32.lib gdi32.lib winspool.lib comdlg32.lib advapi32.lib shell32.lib ole32.lib oleaut32.lib uuid.lib odbc32.lib odbccp32.lib /MANIFEST /ManifestFile:"Debug\PuntoYCaja.exe.intermediate.manifest" /MANIFESTUAC:"level='asInvoker' uiAccess='false'" /DEBUG /PDB:"C:\Users\Michael\Documents\Visual Studio 2010\Projects\PuntoYCaja\Debug\PuntoYCaja.pdb" /SUBSYSTEM:CONSOLE /TLBID:1 /DYNAMICBASE /NXCOMPAT /IMPLIB:"C:\Users\Michael\Documents\Visual Studio 2010\Projects\PuntoYCaja\Debug\PuntoYCaja.lib" /MACHINE:X86 Debug\PuntoYCaja.exe.embed.manifest.res
         Debug\Game.obj
         Debug\GraphicManager.obj
         Debug\keyboard.obj
         Debug\PuntoYCaja.obj
         Debug\stdafx.obj
       Manifest:
         C:\Program Files (x86)\Microsoft SDKs\Windows\v7.0A\bin\mt.exe /nologo /verbose /out:"Debug\PuntoYCaja.exe.embed.manifest" /manifest Debug\PuntoYCaja.exe.intermediate.manifest
         All outputs are up-to-date.
       LinkEmbedManifest:
         All outputs are up-to-date.
         PuntoYCaja.vcxproj -> C:\Users\Michael\Documents\Visual Studio 2010\Projects\PuntoYCaja\Debug\PuntoYCaja.exe
       FinalizeBuildStatus:
         Deleting file "Debug\PuntoYCaja.unsuccessfulbuild".
         Touching "Debug\PuntoYCaja.lastbuildstate".
     1>Done Building Project "C:\Users\Michael\Documents\Visual Studio 2010\Projects\PuntoYCaja\PuntoYCaja\PuntoYCaja.vcxproj" (build target(s)).

Build succeeded.

Time Elapsed 00:00:01.22
